<?xml version="1.0" encoding="UTF-8"?>
<robot generator="Robot 4.1.3 (Python 3.10.2 on win32)" generated="20220510 11:03:16.086" rpa="false" schemaversion="2">
<suite id="s1" name="Qualitest test" source="C:\Users\carlos.picon\Development\robot-scripts\UKTalentHub-PythonProject\testCases\roboframework\QT_automotion\Tests\Qualitest_test.robot">
<test id="s1-t1" name="Qualitest Contact Form">
<kw name="Begin Web Test" library="common" type="SETUP">
<kw name="Open Browser" library="SeleniumLibrary">
<arg>about:blank</arg>
<arg>${BROWSER}</arg>
<doc>Opens a new browser instance to the optional ``url``.</doc>
<msg timestamp="20220510 11:03:16.332" level="INFO">Opening browser 'chrome' to base url 'about:blank'.</msg>
<status status="PASS" starttime="20220510 11:03:16.332" endtime="20220510 11:03:18.222"/>
</kw>
<status status="PASS" starttime="20220510 11:03:16.331" endtime="20220510 11:03:18.223"/>
</kw>
<kw name="Load" library="LandingPage">
<kw name="Go To" library="SeleniumLibrary">
<arg>${WEB_PAGE}</arg>
<doc>Navigates the current browser window to the provided ``url``.</doc>
<msg timestamp="20220510 11:03:18.224" level="INFO">Opening url 'http://qualitestgroup.com'</msg>
<status status="PASS" starttime="20220510 11:03:18.224" endtime="20220510 11:03:20.815"/>
</kw>
<status status="PASS" starttime="20220510 11:03:18.223" endtime="20220510 11:03:20.815"/>
</kw>
<kw name="Verify Page Loaded" library="LandingPage">
<kw name="Wait Until Page Contains" library="SeleniumLibrary">
<arg>Enabling digital transformation. Touching lives.</arg>
<doc>Waits until ``text`` appears on the current page.</doc>
<status status="PASS" starttime="20220510 11:03:20.816" endtime="20220510 11:03:20.856"/>
</kw>
<status status="PASS" starttime="20220510 11:03:20.816" endtime="20220510 11:03:20.856"/>
</kw>
<kw name="Maximize_Page" library="LandingPage">
<kw name="Maximize Browser Window" library="SeleniumLibrary">
<doc>Maximizes current browser window.</doc>
<status status="PASS" starttime="20220510 11:03:20.857" endtime="20220510 11:03:21.023"/>
</kw>
<kw name="Sleep" library="BuiltIn">
<arg>2s</arg>
<doc>Pauses the test executed for the given time.</doc>
<msg timestamp="20220510 11:03:23.035" level="INFO">Slept 2 seconds</msg>
<status status="PASS" starttime="20220510 11:03:21.024" endtime="20220510 11:03:23.035"/>
</kw>
<status status="PASS" starttime="20220510 11:03:20.857" endtime="20220510 11:03:23.036"/>
</kw>
<kw name="Click &quot;Contact&quot; in TopNav" library="QualitestApp">
<kw name="Click on Contact" library="TopNav">
<kw name="Click Link" library="SeleniumLibrary">
<arg>${Contact_Button}</arg>
<doc>Clicks a link identified by ``locator``.</doc>
<msg timestamp="20220510 11:03:23.039" level="INFO">Clicking link 'xpath=//a[@class='main-nav-btn']'.</msg>
<status status="PASS" starttime="20220510 11:03:23.039" endtime="20220510 11:03:24.570"/>
</kw>
<kw name="Sleep" library="BuiltIn">
<arg>2s</arg>
<doc>Pauses the test executed for the given time.</doc>
<msg timestamp="20220510 11:03:26.575" level="INFO">Slept 2 seconds</msg>
<status status="PASS" starttime="20220510 11:03:24.572" endtime="20220510 11:03:26.575"/>
</kw>
<status status="PASS" starttime="20220510 11:03:23.038" endtime="20220510 11:03:26.576"/>
</kw>
<status status="PASS" starttime="20220510 11:03:23.038" endtime="20220510 11:03:26.576"/>
</kw>
<kw name="Scroll Down 1" library="QualitestApp">
<kw name="Scroll Down Page" library="ContactForm">
<arg>0,500</arg>
<kw name="Execute Javascript" library="SeleniumLibrary">
<arg>window.scrollTo(${CORDS})</arg>
<doc>Executes the given JavaScript code with possible arguments.</doc>
<msg timestamp="20220510 11:03:26.580" level="INFO">Executing JavaScript:
window.scrollTo(0,500)
Without any arguments.</msg>
<status status="PASS" starttime="20220510 11:03:26.579" endtime="20220510 11:03:26.604"/>
</kw>
<kw name="Sleep" library="BuiltIn">
<arg>2s</arg>
<doc>Pauses the test executed for the given time.</doc>
<msg timestamp="20220510 11:03:28.611" level="INFO">Slept 2 seconds</msg>
<status status="PASS" starttime="20220510 11:03:26.604" endtime="20220510 11:03:28.611"/>
</kw>
<status status="PASS" starttime="20220510 11:03:26.578" endtime="20220510 11:03:28.611"/>
</kw>
<status status="PASS" starttime="20220510 11:03:26.578" endtime="20220510 11:03:28.611"/>
</kw>
<kw name="Input &quot;name&quot; in form" library="QualitestApp">
<kw name="Fill_Out_Box" library="ContactForm">
<arg>${Name_locator}</arg>
<arg>Anthony</arg>
<kw name="Input Text" library="SeleniumLibrary">
<arg>${text_locator}</arg>
<arg>${text}</arg>
<doc>Types the given ``text`` into the text field identified by ``locator``.</doc>
<msg timestamp="20220510 11:03:28.613" level="INFO">Typing text 'Anthony' into text field 'id=firstname-34dd68e0-b077-4e95-9243-b861f3f2fd7d'.</msg>
<status status="PASS" starttime="20220510 11:03:28.613" endtime="20220510 11:03:28.739"/>
</kw>
<kw name="Sleep" library="BuiltIn">
<arg>0.75s</arg>
<doc>Pauses the test executed for the given time.</doc>
<msg timestamp="20220510 11:03:29.504" level="INFO">Slept 750 milliseconds</msg>
<status status="PASS" starttime="20220510 11:03:28.739" endtime="20220510 11:03:29.504"/>
</kw>
<status status="PASS" starttime="20220510 11:03:28.613" endtime="20220510 11:03:29.504"/>
</kw>
<status status="PASS" starttime="20220510 11:03:28.612" endtime="20220510 11:03:29.504"/>
</kw>
<kw name="Input &quot;last name&quot; in form" library="QualitestApp">
<kw name="Fill_Out_Box" library="ContactForm">
<arg>${LastName_locator}</arg>
<arg>Miller</arg>
<kw name="Input Text" library="SeleniumLibrary">
<arg>${text_locator}</arg>
<arg>${text}</arg>
<doc>Types the given ``text`` into the text field identified by ``locator``.</doc>
<msg timestamp="20220510 11:03:29.506" level="INFO">Typing text 'Miller' into text field 'id=lastname-34dd68e0-b077-4e95-9243-b861f3f2fd7d'.</msg>
<status status="PASS" starttime="20220510 11:03:29.505" endtime="20220510 11:03:29.612"/>
</kw>
<kw name="Sleep" library="BuiltIn">
<arg>0.75s</arg>
<doc>Pauses the test executed for the given time.</doc>
<msg timestamp="20220510 11:03:30.377" level="INFO">Slept 750 milliseconds</msg>
<status status="PASS" starttime="20220510 11:03:29.612" endtime="20220510 11:03:30.377"/>
</kw>
<status status="PASS" starttime="20220510 11:03:29.505" endtime="20220510 11:03:30.377"/>
</kw>
<status status="PASS" starttime="20220510 11:03:29.505" endtime="20220510 11:03:30.378"/>
</kw>
<kw name="Input &quot;company&quot; in form" library="QualitestApp">
<kw name="Fill_Out_Box" library="ContactForm">
<arg>${Company_locator}</arg>
<arg>Castellar Ltd</arg>
<kw name="Input Text" library="SeleniumLibrary">
<arg>${text_locator}</arg>
<arg>${text}</arg>
<doc>Types the given ``text`` into the text field identified by ``locator``.</doc>
<msg timestamp="20220510 11:03:30.382" level="INFO">Typing text 'Castellar Ltd' into text field 'id=company-34dd68e0-b077-4e95-9243-b861f3f2fd7d'.</msg>
<status status="PASS" starttime="20220510 11:03:30.381" endtime="20220510 11:03:30.513"/>
</kw>
<kw name="Sleep" library="BuiltIn">
<arg>0.75s</arg>
<doc>Pauses the test executed for the given time.</doc>
<msg timestamp="20220510 11:03:31.279" level="INFO">Slept 750 milliseconds</msg>
<status status="PASS" starttime="20220510 11:03:30.513" endtime="20220510 11:03:31.279"/>
</kw>
<status status="PASS" starttime="20220510 11:03:30.380" endtime="20220510 11:03:31.279"/>
</kw>
<status status="PASS" starttime="20220510 11:03:30.379" endtime="20220510 11:03:31.280"/>
</kw>
<kw name="Click on radio button" library="QualitestApp">
<kw name="Select in the button" library="ContactForm">
<arg>what_would_you_like_to_talk_about_</arg>
<arg>Partnership Inquiries</arg>
<kw name="Select Radio Button" library="SeleniumLibrary">
<arg>${name}</arg>
<arg>${value}</arg>
<doc>Sets the radio button group ``group_name`` to ``value``.</doc>
<msg timestamp="20220510 11:03:31.281" level="INFO">Selecting 'Partnership Inquiries' from radio button 'what_would_you_like_to_talk_about_'.</msg>
<status status="PASS" starttime="20220510 11:03:31.281" endtime="20220510 11:03:31.374"/>
</kw>
<status status="PASS" starttime="20220510 11:03:31.281" endtime="20220510 11:03:31.374"/>
</kw>
<status status="PASS" starttime="20220510 11:03:31.281" endtime="20220510 11:03:31.374"/>
</kw>
<kw name="Scroll Down 2" library="QualitestApp">
<kw name="Scroll Down Page" library="ContactForm">
<arg>0,750</arg>
<kw name="Execute Javascript" library="SeleniumLibrary">
<arg>window.scrollTo(${CORDS})</arg>
<doc>Executes the given JavaScript code with possible arguments.</doc>
<msg timestamp="20220510 11:03:31.376" level="INFO">Executing JavaScript:
window.scrollTo(0,750)
Without any arguments.</msg>
<status status="PASS" starttime="20220510 11:03:31.375" endtime="20220510 11:03:31.385"/>
</kw>
<kw name="Sleep" library="BuiltIn">
<arg>2s</arg>
<doc>Pauses the test executed for the given time.</doc>
<msg timestamp="20220510 11:03:33.389" level="INFO">Slept 2 seconds</msg>
<status status="PASS" starttime="20220510 11:03:31.386" endtime="20220510 11:03:33.389"/>
</kw>
<status status="PASS" starttime="20220510 11:03:31.375" endtime="20220510 11:03:33.390"/>
</kw>
<status status="PASS" starttime="20220510 11:03:31.375" endtime="20220510 11:03:33.390"/>
</kw>
<kw name="Input &quot;email&quot; in form" library="QualitestApp">
<kw name="Fill_Out_Box" library="ContactForm">
<arg>${Email_locator}</arg>
<arg>AMillerC@amazon.com</arg>
<kw name="Input Text" library="SeleniumLibrary">
<arg>${text_locator}</arg>
<arg>${text}</arg>
<doc>Types the given ``text`` into the text field identified by ``locator``.</doc>
<msg timestamp="20220510 11:03:33.394" level="INFO">Typing text 'AMillerC@amazon.com' into text field 'id=email-34dd68e0-b077-4e95-9243-b861f3f2fd7d'.</msg>
<status status="PASS" starttime="20220510 11:03:33.393" endtime="20220510 11:03:33.531"/>
</kw>
<kw name="Sleep" library="BuiltIn">
<arg>0.75s</arg>
<doc>Pauses the test executed for the given time.</doc>
<msg timestamp="20220510 11:03:34.285" level="INFO">Slept 750 milliseconds</msg>
<status status="PASS" starttime="20220510 11:03:33.531" endtime="20220510 11:03:34.285"/>
</kw>
<status status="PASS" starttime="20220510 11:03:33.392" endtime="20220510 11:03:34.285"/>
</kw>
<status status="PASS" starttime="20220510 11:03:33.392" endtime="20220510 11:03:34.285"/>
</kw>
<kw name="Input &quot;phone&quot; in form" library="QualitestApp">
<kw name="Fill_Out_Box" library="ContactForm">
<arg>${Phone_locator}</arg>
<arg>07748375614</arg>
<kw name="Input Text" library="SeleniumLibrary">
<arg>${text_locator}</arg>
<arg>${text}</arg>
<doc>Types the given ``text`` into the text field identified by ``locator``.</doc>
<msg timestamp="20220510 11:03:34.291" level="INFO">Typing text '07748375614' into text field 'id=phone-34dd68e0-b077-4e95-9243-b861f3f2fd7d'.</msg>
<status status="PASS" starttime="20220510 11:03:34.290" endtime="20220510 11:03:34.413"/>
</kw>
<kw name="Sleep" library="BuiltIn">
<arg>0.75s</arg>
<doc>Pauses the test executed for the given time.</doc>
<msg timestamp="20220510 11:03:35.170" level="INFO">Slept 750 milliseconds</msg>
<status status="PASS" starttime="20220510 11:03:34.413" endtime="20220510 11:03:35.170"/>
</kw>
<status status="PASS" starttime="20220510 11:03:34.289" endtime="20220510 11:03:35.170"/>
</kw>
<status status="PASS" starttime="20220510 11:03:34.288" endtime="20220510 11:03:35.170"/>
</kw>
<kw name="Selecting checkbox" library="QualitestApp">
<kw name="Select your Checkbox" library="ContactForm">
<kw name="Click Element" library="SeleniumLibrary">
<arg>//*[@id="location-34dd68e0-b077-4e95-9243-b861f3f2fd7d"]</arg>
<doc>Click the element identified by ``locator``.</doc>
<msg timestamp="20220510 11:03:35.172" level="INFO">Clicking element '//*[@id="location-34dd68e0-b077-4e95-9243-b861f3f2fd7d"]'.</msg>
<status status="PASS" starttime="20220510 11:03:35.172" endtime="20220510 11:03:35.291"/>
</kw>
<kw name="Sleep" library="BuiltIn">
<arg>1s</arg>
<doc>Pauses the test executed for the given time.</doc>
<msg timestamp="20220510 11:03:36.299" level="INFO">Slept 1 second</msg>
<status status="PASS" starttime="20220510 11:03:35.291" endtime="20220510 11:03:36.299"/>
</kw>
<kw name="Click Element" library="SeleniumLibrary">
<arg>//option[@value='North America']</arg>
<doc>Click the element identified by ``locator``.</doc>
<msg timestamp="20220510 11:03:36.299" level="INFO">Clicking element '//option[@value='North America']'.</msg>
<status status="PASS" starttime="20220510 11:03:36.299" endtime="20220510 11:03:36.377"/>
</kw>
<kw name="Sleep" library="BuiltIn">
<arg>1s</arg>
<doc>Pauses the test executed for the given time.</doc>
<msg timestamp="20220510 11:03:37.388" level="INFO">Slept 1 second</msg>
<status status="PASS" starttime="20220510 11:03:36.377" endtime="20220510 11:03:37.388"/>
</kw>
<status status="PASS" starttime="20220510 11:03:35.171" endtime="20220510 11:03:37.389"/>
</kw>
<status status="PASS" starttime="20220510 11:03:35.171" endtime="20220510 11:03:37.389"/>
</kw>
<kw name="Srcoll Down 3" library="QualitestApp">
<kw name="Scroll Down Page" library="ContactForm">
<arg>0,1000</arg>
<kw name="Execute Javascript" library="SeleniumLibrary">
<arg>window.scrollTo(${CORDS})</arg>
<doc>Executes the given JavaScript code with possible arguments.</doc>
<msg timestamp="20220510 11:03:37.393" level="INFO">Executing JavaScript:
window.scrollTo(0,1000)
Without any arguments.</msg>
<status status="PASS" starttime="20220510 11:03:37.392" endtime="20220510 11:03:37.424"/>
</kw>
<kw name="Sleep" library="BuiltIn">
<arg>2s</arg>
<doc>Pauses the test executed for the given time.</doc>
<msg timestamp="20220510 11:03:39.437" level="INFO">Slept 2 seconds</msg>
<status status="PASS" starttime="20220510 11:03:37.425" endtime="20220510 11:03:39.437"/>
</kw>
<status status="PASS" starttime="20220510 11:03:37.392" endtime="20220510 11:03:39.437"/>
</kw>
<status status="PASS" starttime="20220510 11:03:37.391" endtime="20220510 11:03:39.437"/>
</kw>
<kw name="Input &quot;text&quot; in form" library="QualitestApp">
<kw name="Fill_Out_Box" library="ContactForm">
<arg>${Text_locator}</arg>
<arg>"Just testing this form"</arg>
<kw name="Input Text" library="SeleniumLibrary">
<arg>${text_locator}</arg>
<arg>${text}</arg>
<doc>Types the given ``text`` into the text field identified by ``locator``.</doc>
<msg timestamp="20220510 11:03:39.440" level="INFO">Typing text '"Just testing this form"' into text field 'id=message-34dd68e0-b077-4e95-9243-b861f3f2fd7d'.</msg>
<status status="PASS" starttime="20220510 11:03:39.439" endtime="20220510 11:03:39.594"/>
</kw>
<kw name="Sleep" library="BuiltIn">
<arg>0.75s</arg>
<doc>Pauses the test executed for the given time.</doc>
<msg timestamp="20220510 11:03:40.353" level="INFO">Slept 750 milliseconds</msg>
<status status="PASS" starttime="20220510 11:03:39.594" endtime="20220510 11:03:40.353"/>
</kw>
<status status="PASS" starttime="20220510 11:03:39.439" endtime="20220510 11:03:40.354"/>
</kw>
<status status="PASS" starttime="20220510 11:03:39.438" endtime="20220510 11:03:40.354"/>
</kw>
<kw name="Click on Submit button" library="QualitestApp">
<kw name="Submit" library="ContactForm">
<kw name="Click Button" library="SeleniumLibrary">
<arg>//input[@type='submit']</arg>
<doc>Clicks the button identified by ``locator``.</doc>
<msg timestamp="20220510 11:03:40.357" level="INFO">Clicking button '//input[@type='submit']'.</msg>
<status status="PASS" starttime="20220510 11:03:40.357" endtime="20220510 11:03:40.506"/>
</kw>
<kw name="Sleep" library="BuiltIn">
<arg>5s</arg>
<doc>Pauses the test executed for the given time.</doc>
<msg timestamp="20220510 11:03:45.510" level="INFO">Slept 5 seconds</msg>
<status status="PASS" starttime="20220510 11:03:40.506" endtime="20220510 11:03:45.510"/>
</kw>
<status status="PASS" starttime="20220510 11:03:40.356" endtime="20220510 11:03:45.510"/>
</kw>
<status status="PASS" starttime="20220510 11:03:40.355" endtime="20220510 11:03:45.511"/>
</kw>
<kw name="Verify Page Loaded" library="ThanksPage">
<kw name="Wait Until Page Contains" library="SeleniumLibrary">
<arg>Thanks for contacting us.</arg>
<doc>Waits until ``text`` appears on the current page.</doc>
<status status="PASS" starttime="20220510 11:03:45.513" endtime="20220510 11:03:45.572"/>
</kw>
<status status="PASS" starttime="20220510 11:03:45.512" endtime="20220510 11:03:45.572"/>
</kw>
<kw name="End Web Test" library="common" type="TEARDOWN">
<kw name="Close Browser" library="SeleniumLibrary">
<doc>Closes the current browser.</doc>
<status status="PASS" starttime="20220510 11:03:45.573" endtime="20220510 11:03:47.834"/>
</kw>
<status status="PASS" starttime="20220510 11:03:45.573" endtime="20220510 11:03:47.834"/>
</kw>
<status status="PASS" starttime="20220510 11:03:16.330" endtime="20220510 11:03:47.835"/>
</test>
<doc>This is some basic info about the whole suite</doc>
<status status="PASS" starttime="20220510 11:03:16.089" endtime="20220510 11:03:47.840"/>
</suite>
<statistics>
<total>
<stat pass="1" fail="0" skip="0">All Tests</stat>
</total>
<tag>
</tag>
<suite>
<stat pass="1" fail="0" skip="0" id="s1" name="Qualitest test">Qualitest test</stat>
</suite>
</statistics>
<errors>
</errors>
</robot>
